\BOOKMARK [1][-]{section.1}{\376\377\000R\000e\000s\000u\000m\000e\000n}{}% 1
\BOOKMARK [1][-]{section.2}{\376\377\000\301\000r\000e\000a\000\040\000t\000e\000m\000\341\000t\000i\000c\000a}{}% 2
\BOOKMARK [1][-]{section.3}{\376\377\000P\000a\000l\000a\000b\000r\000a\000s\000\040\000c\000l\000a\000v\000e\000s}{}% 3
\BOOKMARK [1][-]{section.4}{\376\377\000F\000u\000n\000d\000a\000m\000e\000n\000t\000a\000c\000i\000\363\000n\000\040\000d\000e\000\040\000l\000a\000\040\000i\000n\000v\000e\000s\000t\000i\000g\000a\000c\000i\000\363\000n}{}% 4
\BOOKMARK [1][-]{section.5}{\376\377\000D\000e\000s\000c\000r\000i\000p\000c\000i\000\363\000n\000\040\000d\000e\000l\000\040\000t\000e\000m\000a\000\040\000d\000e\000\040\000e\000s\000t\000u\000d\000i\000o}{}% 5
\BOOKMARK [1][-]{section.6}{\376\377\000P\000l\000a\000n\000t\000e\000a\000m\000i\000e\000n\000t\000o\000\040\000d\000e\000l\000\040\000p\000r\000o\000b\000l\000e\000m\000a\000\040\000d\000e\000\040\000e\000s\000t\000u\000d\000i\000o\000\040\000y\000\040\000o\000b\000j\000e\000t\000i\000v\000o\000s\000\040\000d\000e\000\040\000t\000r\000a\000b\000a\000j\000o}{}% 6
\BOOKMARK [2][-]{subsection.6.1}{\376\377\000O\000b\000j\000e\000t\000i\000v\000o\000s\000\040\000s\000e\000c\000u\000n\000d\000a\000r\000i\000o\000s}{section.6}% 7
\BOOKMARK [1][-]{section.7}{\376\377\000T\000r\000a\000b\000a\000j\000o\000s\000\040\000r\000e\000l\000a\000c\000i\000o\000n\000a\000d\000o\000s}{}% 8
\BOOKMARK [1][-]{section.8}{\376\377\000R\000e\000s\000u\000l\000t\000a\000d\000o\000s\000\040\000y\000\040\000a\000n\000\341\000l\000i\000s\000i\000s\000\040\000e\000x\000p\000e\000r\000i\000m\000e\000n\000t\000a\000l}{}% 9
\BOOKMARK [2][-]{subsection.8.1}{\376\377\0001\0000\000.\0002\000.\000\040\000R\000e\000s\000u\000l\000t\000a\000d\000o\000s\000\040\000p\000o\000r\000\040\000d\000a\000t\000a\000s\000e\000t}{section.8}% 10
\BOOKMARK [2][-]{subsection.8.2}{\376\377\0001\0000\000.\0003\000.\000\040\000R\000e\000s\000u\000l\000t\000a\000d\000o\000s\000\040\000a\000g\000r\000e\000g\000a\000d\000o\000s}{section.8}% 11
\BOOKMARK [2][-]{subsection.8.3}{\376\377\0001\0000\000.\0004\000.\000\040\000A\000n\000\341\000l\000i\000s\000i\000s\000\040\000c\000r\000\355\000t\000i\000c\000o}{section.8}% 12
\BOOKMARK [1][-]{section.9}{\376\377\000P\000r\000o\000p\000u\000e\000s\000t\000a\000\040\000m\000e\000t\000o\000d\000o\000l\000\363\000g\000i\000c\000a}{}% 13
\BOOKMARK [2][-]{subsection.9.1}{\376\377\000E\000x\000p\000l\000o\000r\000a\000r\000\040\000d\000e\000s\000a\000f\000\355\000o\000s\000\040\000r\000e\000c\000u\000r\000r\000e\000n\000t\000e\000s\000\040\000e\000n\000\040\000e\000l\000\040\000s\000o\000b\000r\000e\000m\000u\000e\000s\000t\000r\000e\000o\000\040\000a\000c\000t\000u\000a\000l}{section.9}% 14
\BOOKMARK [2][-]{subsection.9.2}{\376\377\000D\000e\000s\000c\000r\000i\000b\000i\000r\000\040\000y\000\040\000f\000o\000r\000m\000a\000l\000i\000z\000a\000r\000\040\000m\000a\000t\000e\000m\000\341\000t\000i\000c\000a\000m\000e\000n\000t\000e\000\040\000d\000o\000s\000\040\000v\000e\000r\000s\000i\000o\000n\000e\000s\000\040\000b\000i\000n\000a\000r\000i\000a\000s\000\040\000y\000\040\000u\000n\000a\000\040\000p\000r\000o\000p\000i\000a}{section.9}% 15
\BOOKMARK [3][-]{subsubsection.9.2.1}{\376\377\000P\000s\000e\000u\000d\000o\000c\000\363\000d\000i\000g\000o\000:\000\040\000a\000l\000p\000h\000a\000\137\000d\000b\000a\000s\000m\000o\000t\000e\000\137\000a\000r\000\137\000a\000d\000a\000s\000y\000n}{subsection.9.2}% 16
\BOOKMARK [3][-]{subsubsection.9.2.2}{\376\377\000P\000s\000e\000u\000d\000o\000c\000\363\000d\000i\000g\000o\000:\000\040\000a\000l\000p\000h\000a\000\137\000d\000b\000a\000s\000m\000o\000t\000e}{subsection.9.2}% 17
\BOOKMARK [2][-]{subsection.9.3}{\376\377\000P\000s\000e\000u\000d\000o\000c\000\363\000d\000i\000g\000o\000\040\000d\000e\000l\000\040\000a\000l\000g\000o\000r\000i\000t\000m\000o\000\040\003\261\000D\000i\000s\000t\000a\000n\000c\000e\000\040\000B\000o\000r\000d\000e\000r\000l\000i\000n\000e\000-\000A\000D\000A\000S\000Y\000N\000-\000S\000M\000O\000T\000E}{section.9}% 18
\BOOKMARK [3][-]{subsubsection.9.3.1}{\376\377\000P\000s\000e\000u\000d\000o\000c\000\363\000d\000i\000g\000o\000:\000\040\000a\000r\000\137\000a\000d\000a\000s\000y\000n}{subsection.9.3}% 19
\BOOKMARK [3][-]{subsubsection.9.3.2}{\376\377\000P\000s\000e\000u\000d\000o\000c\000\363\000d\000i\000g\000o\000:\000\040\000p\000c\000\137\000s\000m\000o\000t\000e}{subsection.9.3}% 20
\BOOKMARK [2][-]{subsection.9.4}{\376\377\000D\000i\000s\000e\000\361\000a\000r\000\040\000y\000\040\000a\000n\000a\000l\000i\000z\000a\000r\000\040\000u\000n\000a\000\040\000p\000r\000o\000p\000u\000e\000s\000t\000a\000\040\000a\000l\000g\000o\000r\000\355\000t\000m\000i\000c\000a\000\040\000d\000e\000\040\000l\000a\000s\000\040\0003\000\040\000v\000e\000r\000s\000i\000o\000n\000e\000s\000\040\000d\000e\000l\000\040\000p\000r\000o\000c\000e\000d\000i\000m\000i\000e\000n\000t\000o\000\040\000d\000e\000\040\000s\000o\000b\000r\000e\000m\000u\000e\000s\000t\000r\000e\000o}{section.9}% 21
\BOOKMARK [2][-]{subsection.9.5}{\376\377\000I\000m\000p\000l\000e\000m\000e\000n\000t\000a\000r\000\040\000y\000\040\000e\000v\000a\000l\000u\000a\000r\000\040\000e\000x\000p\000e\000r\000i\000m\000e\000n\000t\000a\000l\000m\000e\000n\000t\000e\000\040\000e\000l\000\040\000r\000e\000n\000d\000i\000m\000i\000e\000n\000t\000o\000\040\000d\000e\000\040\000a\000m\000b\000a\000s\000\040\000t\000\351\000c\000n\000i\000c\000a\000s\000\040\000p\000r\000o\000p\000i\000a\000s}{section.9}% 22
\BOOKMARK [2][-]{subsection.9.6}{\376\377\0009\000.\0004\000\040\000D\000i\000s\000e\000\361\000o\000\040\000d\000e\000l\000\040\000p\000i\000p\000e\000l\000i\000n\000e\000\040\000e\000x\000p\000e\000r\000i\000m\000e\000n\000t\000a\000l}{section.9}% 23
\BOOKMARK [1][-]{section.10}{\376\377\000R\000e\000c\000u\000r\000s\000o\000s\000\040\000i\000n\000v\000o\000l\000u\000c\000r\000a\000d\000o\000s\000\040\000y\000\040\000c\000r\000o\000n\000o\000g\000r\000a\000m\000a\000\040\000d\000e\000\040\000t\000r\000a\000b\000a\000j\000o}{}% 24
\BOOKMARK [1][-]{section.11}{\376\377\000A\000p\000o\000r\000t\000e\000s\000\040\000e\000s\000p\000e\000r\000a\000d\000o\000s}{}% 25
\BOOKMARK [1][-]{section.12}{\376\377\000R\000e\000f\000e\000r\000e\000n\000c\000i\000a\000s\000\040\000b\000i\000b\000l\000i\000o\000g\000r\000\341\000f\000i\000c\000a\000s\000\040\000d\000e\000\040\000l\000a\000\040\000p\000r\000o\000p\000u\000e\000s\000t\000a}{}% 26
\BOOKMARK [1][-]{appendix.Alph1}{\376\377\000C\000\363\000d\000i\000g\000o\000\040\000f\000u\000e\000n\000t\000e\000\040\000d\000e\000l\000\040\000p\000i\000p\000e\000l\000i\000n\000e\000\040\000e\000x\000p\000e\000r\000i\000m\000e\000n\000t\000a\000l}{}% 27
